<?xml version="1.0" encoding="UTF-8"?>
<!-- Generated by org.testng.reporters.JUnitReportReporter -->
<testsuite skipped="0" hostname="evs01cpb424" name="page_package.Download_filters" tests="1" failures="0" timestamp="24 May 2017 04:46:41 GMT" time="6.334" errors="0">
  <testcase name="open" time="6.334" classname="page_package.Download_filters"/>
</testsuite> <!-- page_package.Download_filters -->
