<?xml version="1.0" encoding="UTF-8"?>
<!-- Generated by org.testng.reporters.JUnitReportReporter -->
<testsuite skipped="0" hostname="EVS01CPB237" name="testcases.HybridExecuteTest" tests="33" failures="0" timestamp="29 Jun 2017 07:32:52 GMT" time="74.083" errors="0">
  <testcase name="testlogin" time="0.110" classname="testcases.HybridExecuteTest"/>
  <testcase name="testlogin" time="8.019" classname="testcases.HybridExecuteTest"/>
  <testcase name="testlogin" time="0.079" classname="testcases.HybridExecuteTest"/>
  <testcase name="testlogin" time="4.025" classname="testcases.HybridExecuteTest"/>
  <testcase name="testlogin" time="0.095" classname="testcases.HybridExecuteTest"/>
  <testcase name="testlogin" time="4.024" classname="testcases.HybridExecuteTest"/>
  <testcase name="testlogin" time="4.026" classname="testcases.HybridExecuteTest"/>
  <testcase name="testlogin" time="0.047" classname="testcases.HybridExecuteTest"/>
  <testcase name="testlogin" time="0.046" classname="testcases.HybridExecuteTest"/>
  <testcase name="testlogin" time="0.112" classname="testcases.HybridExecuteTest"/>
  <testcase name="testlogin" time="0.661" classname="testcases.HybridExecuteTest"/>
  <testcase name="testlogin" time="6.043" classname="testcases.HybridExecuteTest"/>
  <testcase name="testlogin" time="4.863" classname="testcases.HybridExecuteTest"/>
  <testcase name="testlogin" time="0.079" classname="testcases.HybridExecuteTest"/>
  <testcase name="testlogin" time="0.699" classname="testcases.HybridExecuteTest"/>
  <testcase name="testlogin" time="4.025" classname="testcases.HybridExecuteTest"/>
  <testcase name="testlogin" time="6.936" classname="testcases.HybridExecuteTest"/>
  <testcase name="testlogin" time="0.096" classname="testcases.HybridExecuteTest"/>
  <testcase name="testlogin" time="0.032" classname="testcases.HybridExecuteTest"/>
  <testcase name="testlogin" time="0.075" classname="testcases.HybridExecuteTest"/>
  <testcase name="testlogin" time="0.095" classname="testcases.HybridExecuteTest"/>
  <testcase name="testlogin" time="4.026" classname="testcases.HybridExecuteTest"/>
  <testcase name="testlogin" time="0.048" classname="testcases.HybridExecuteTest"/>
  <testcase name="testlogin" time="0.250" classname="testcases.HybridExecuteTest"/>
  <testcase name="testlogin" time="2.021" classname="testcases.HybridExecuteTest"/>
  <testcase name="testlogin" time="4.025" classname="testcases.HybridExecuteTest"/>
  <testcase name="testlogin" time="4.025" classname="testcases.HybridExecuteTest"/>
  <testcase name="testlogin" time="5.259" classname="testcases.HybridExecuteTest"/>
  <testcase name="testlogin" time="4.027" classname="testcases.HybridExecuteTest"/>
  <testcase name="testlogin" time="0.040" classname="testcases.HybridExecuteTest"/>
  <testcase name="testlogin" time="0.079" classname="testcases.HybridExecuteTest"/>
  <testcase name="testlogin" time="0.095" classname="testcases.HybridExecuteTest"/>
  <testcase name="testlogin" time="6.001" classname="testcases.HybridExecuteTest"/>
</testsuite> <!-- testcases.HybridExecuteTest -->
